<?xml version="1.0" encoding="UTF-8"?>
<testng-results skipped="0" failed="0" total="1" passed="1">
  <reporter-output>
  </reporter-output>
  <suite name="Default suite" duration-ms="116" started-at="2016-01-26T17:42:49Z" finished-at="2016-01-26T17:42:49Z">
    <groups>
    </groups>
    <test name="Default test" duration-ms="116" started-at="2016-01-26T17:42:49Z" finished-at="2016-01-26T17:42:49Z">
      <class name="TestNG_Package.Test1">
        <test-method status="PASS" signature="testPrintMessage()[pri:0, instance:TestNG_Package.Test1@2be94b0f]" name="testPrintMessage" duration-ms="49" started-at="2016-01-26T23:12:49Z" finished-at="2016-01-26T23:12:49Z">
          <reporter-output>
          </reporter-output>
        </test-method> <!-- testPrintMessage -->
      </class> <!-- TestNG_Package.Test1 -->
    </test> <!-- Default test -->
  </suite> <!-- Default suite -->
</testng-results>
